======2019-04-16=============================
1\ Change Album TargetDir
2\ Add 'ReleaseDate' to Track Metadata
3\ Remove BUG:Playlist Path

======2019-04-11=============================
1\ Remove BUG:Download Playlist Video

======2019-04-08=============================
1\ Change Tmp File Flag

======2019-04-02=============================
1\ Highlight(Only Linux)

======2019-04-01=============================
1\ Remove Encoding Err

======2019-03-29=============================
1\ Dl Album:If Exist TrackFile. Support ReDownload Or Ignore

======2019-03-28=============================
1\ Check After Set Metadata

======2019-03-13=============================
1\ Deal Err: Get pip version failed

======2019-03-11=============================
1\ Check Files After Download Playlist
2\ Show Last Version

======2019-03-06=============================
1\ Add Config 'ThreadNum'
2\ Support Linux
3\ Add 'requirements.txt'
4\ Show Tool Version
5\ Set Metadata in Linux

======2019-03-04=============================
1\ Simplified Code

======2019-02-27=============================
1\ Download FavoriteVideos

======2019-02-26=============================
1\ Download Playlist:Deal with err 'Too Big Page'

======2019-02-25=============================
1\ Playlist LimitNum = 9999
2\ Download FavoriteTracks

======2019-02-19=============================
1\ Print more err message

======2019-02-19=============================
1\ Download AlbumCover
2\ Set Track Metadata

======2019-02-14=============================
1\ Set music-filetype by StreamUrlInfo

======2019-01-28=============================
1\ Add decryption.py -- Download LOSSLESS music

======2018-12-28=============================
1\ Add Progressbar - Download Video 

======2018-12-19=============================
1\ Update ffmpegHelper
2\ Simplified Code

======2018-12-11=============================
1\ Fuc: Download Playlist Video

======2018-12-01=============================
1\ Optimized Code
2\ Multithreading Download Video
3\ Fuc: Download Playlist

======2018-11-22=============================
1\ Multithreading Download
2\ Fuc: Download Track
3\ Fuc: Download Video

======2018-11-21=============================
1\ Func: Download Album
2\ Func: Get SessionID By Account
3\ Upload Version To PIP Server : pip install tidal-dl